c:\users\guillem\desktop\physics3d_class3_-_handout\physics3d_class3 - handout\debug\vc120.pdb
c:\users\guillem\desktop\physics3d_class3_-_handout\physics3d_class3 - handout\debug\vc120.idb
c:\users\guillem\desktop\physics3d_class3_-_handout\physics3d_class3 - handout\debug\application.obj
c:\users\guillem\desktop\physics3d_class3_-_handout\physics3d_class3 - handout\debug\color.obj
c:\users\guillem\desktop\physics3d_class3_-_handout\physics3d_class3 - handout\debug\glmath.obj
c:\users\guillem\desktop\physics3d_class3_-_handout\physics3d_class3 - handout\debug\light.obj
c:\users\guillem\desktop\physics3d_class3_-_handout\physics3d_class3 - handout\debug\log.obj
c:\users\guillem\desktop\physics3d_class3_-_handout\physics3d_class3 - handout\debug\main.obj
c:\users\guillem\desktop\physics3d_class3_-_handout\physics3d_class3 - handout\debug\moduleaudio.obj
c:\users\guillem\desktop\physics3d_class3_-_handout\physics3d_class3 - handout\debug\modulecamera3d.obj
c:\users\guillem\desktop\physics3d_class3_-_handout\physics3d_class3 - handout\debug\moduleinput.obj
c:\users\guillem\desktop\physics3d_class3_-_handout\physics3d_class3 - handout\debug\modulephysics3d.obj
c:\users\guillem\desktop\physics3d_class3_-_handout\physics3d_class3 - handout\debug\modulerenderer3d.obj
c:\users\guillem\desktop\physics3d_class3_-_handout\physics3d_class3 - handout\debug\modulesceneintro.obj
c:\users\guillem\desktop\physics3d_class3_-_handout\physics3d_class3 - handout\debug\modulewindow.obj
c:\users\guillem\desktop\physics3d_class3_-_handout\physics3d_class3 - handout\debug\physbody3d.obj
c:\users\guillem\desktop\physics3d_class3_-_handout\physics3d_class3 - handout\debug\primitive.obj
c:\users\guillem\desktop\physics3d_class3_-_handout\physics3d_class3 - handout\debug\timer.obj
c:\users\guillem\desktop\physics3d_class3_-_handout\physics3d_class3 - handout\debug\3d physics - class3.ilk
c:\users\guillem\desktop\physics3d_class3_-_handout\physics3d_class3 - handout\debug\3d physics - class3.exe
c:\users\guillem\desktop\physics3d_class3_-_handout\physics3d_class3 - handout\debug\3d physics - class3.pdb
c:\users\guillem\desktop\physics3d_class3_-_handout\physics3d_class3 - handout\debug\3d physi.746cc4c3.tlog\cl.command.1.tlog
c:\users\guillem\desktop\physics3d_class3_-_handout\physics3d_class3 - handout\debug\3d physi.746cc4c3.tlog\cl.read.1.tlog
c:\users\guillem\desktop\physics3d_class3_-_handout\physics3d_class3 - handout\debug\3d physi.746cc4c3.tlog\cl.write.1.tlog
c:\users\guillem\desktop\physics3d_class3_-_handout\physics3d_class3 - handout\debug\3d physi.746cc4c3.tlog\link.command.1.tlog
c:\users\guillem\desktop\physics3d_class3_-_handout\physics3d_class3 - handout\debug\3d physi.746cc4c3.tlog\link.read.1.tlog
c:\users\guillem\desktop\physics3d_class3_-_handout\physics3d_class3 - handout\debug\3d physi.746cc4c3.tlog\link.write.1.tlog
